<?xml version="1.0" encoding="UTF-8"?>
<testsuite name="co.sqasa.runners.escribirNotaEnriquecidaTest" tests="0" skipped="0" failures="0" errors="0" timestamp="1970-01-01T00:00:00" hostname="LAPTOP-87LGHN0U" time="0.0">
  <properties/>
  <system-out><![CDATA[
?[31mFailed scenarios:?[0m
?[31mfile:///C:/Users/ivan0/Downloads/RETOQA_SQA/Reto_Tecnico_SQA/Template_Automatizacion_SQA/src/test/resources/features/escribirnotaenriquecida.feature:9?[0m# Escribir nota en negrita

1 Scenarios (?[31m1 failed?[0m)
3 Steps (?[31m1 failed?[0m, ?[36m2 skipped?[0m)
0m7,100s


org.opentest4j.AssertionFailedError
	at org.junit.jupiter.api.AssertionUtils.fail(AssertionUtils.java:35)
	at org.junit.jupiter.api.Assertions.fail(Assertions.java:98)
	at co.sqasa.stepdefition.NotaEnriquecidaStepDefinition.estoyEnLaPaginaBlocDeNotasOnline(NotaEnriquecidaStepDefinition.java:28)
	at ?.estoy en la pagina bloc de notas online(file:///C:/Users/ivan0/Downloads/RETOQA_SQA/Reto_Tecnico_SQA/Template_Automatizacion_SQA/src/test/resources/features/escribirnotaenriquecida.feature:10)


]]></system-out>
  <system-err><![CDATA[SLF4J: No SLF4J providers were found.
SLF4J: Defaulting to no-operation (NOP) logger implementation
SLF4J: See https://www.slf4j.org/codes.html#noProviders for further details.
SLF4J: Class path contains SLF4J bindings targeting slf4j-api versions 1.7.x or earlier.
SLF4J: Ignoring binding found at [jar:file:/C:/Users/ivan0/.gradle/caches/modules-2/files-2.1/org.slf4j/slf4j-nop/1.7.28/e427e2f69d0a8508994e0a754a44d5212fa38b56/slf4j-nop-1.7.28.jar!/org/slf4j/impl/StaticLoggerBinder.class]
SLF4J: See https://www.slf4j.org/codes.html#ignoredBindings for an explanation.
]]></system-err>
</testsuite>
