<?xml version="1.0" encoding="UTF-8"?>
<testsuite name="co.sqasa.runners.escribirNotaEnriquecidaTest" tests="0" skipped="0" failures="0" errors="0" timestamp="1970-01-01T00:00:00" hostname="LAPTOP-87LGHN0U" time="0.0">
  <properties/>
  <system-out><![CDATA[
?[33mUndefined scenarios:?[0m
?[33mfile:///C:/Users/ivan0/Downloads/RETOQA_SQA/Reto_Tecnico_SQA/Template_Automatizacion_SQA/src/test/resources/features/escribirnotaenriquecida.feature:9?[0m# Escribir nota en negrita

1 Scenarios (?[33m1 undefined?[0m)
3 Steps (?[33m3 undefined?[0m)
0m2,183s


You can implement missing steps with the snippets below:

@Given("estoy en la pagina bloc de notas online")
public void estoyEnLaPaginaBlocDeNotasOnline() {
    // Write code here that turns the phrase above into concrete actions
    throw new io.cucumber.java.PendingException();
}

@When("hago una nota con negrita")
public void hagoUnaNotaConNegrita() {
    // Write code here that turns the phrase above into concrete actions
    throw new io.cucumber.java.PendingException();
}

@Then("la note debe contener lo escrito y se ve al lado derecho")
public void laNoteDebeContenerLoEscritoYSeVeAlLadoDerecho() {
    // Write code here that turns the phrase above into concrete actions
    throw new io.cucumber.java.PendingException();
}


]]></system-out>
  <system-err><![CDATA[SLF4J: No SLF4J providers were found.
SLF4J: Defaulting to no-operation (NOP) logger implementation
SLF4J: See https://www.slf4j.org/codes.html#noProviders for further details.
SLF4J: Class path contains SLF4J bindings targeting slf4j-api versions 1.7.x or earlier.
SLF4J: Ignoring binding found at [jar:file:/C:/Users/ivan0/.gradle/caches/modules-2/files-2.1/org.slf4j/slf4j-nop/1.7.28/e427e2f69d0a8508994e0a754a44d5212fa38b56/slf4j-nop-1.7.28.jar!/org/slf4j/impl/StaticLoggerBinder.class]
SLF4J: See https://www.slf4j.org/codes.html#ignoredBindings for an explanation.
log4j:WARN No appenders could be found for logger (freemarker.cache).
log4j:WARN Please initialize the log4j system properly.
log4j:WARN See http://logging.apache.org/log4j/1.2/faq.html#noconfig for more info.
]]></system-err>
</testsuite>
